==> 9 11 3
Two real double roots found:
	Roots at: -0.811420 & -0.811420

==> 9.77 7.44 6.55
	NO REAL ROOTS

==> -4.578 -5.667 -7.78
	NO REAL ROOTS

==> 9.99 8.99 7.9999
	NO REAL ROOTS

==> 9.88 0.8 0.8889
	NO REAL ROOTS

==> 23.807 46.406 18.8007
Two real double roots found:
	Roots at: -1.374866 & -1.374866

==> 53.8037 445.406 1855.84545407
	NO REAL ROOTS

==> na gh df
	INVALID

==> 8n 8b -9n
	INVALID

==> nan nan nan
	INVALID

==> inf -inf +inf
	INVALID

==> 8.m 9.0m 99.999.m
	INVALID

==> .09 .09 .09m
	INVALID


