2 , 2, 2 , 
==> 4.200939 1.971915 3.915496
	NO REAL ROOTS

==> 3.992200 4.558237 0.987757
Two real double roots found:
	Roots at: -0.851066 & -0.851066

==> 1.676114 3.841148 1.388874
Two real double roots found:
	Roots at: -1.841797 & -1.841797

==> 2.769850 2.386985 3.144355
	NO REAL ROOTS

==> 1.823922 2.567005 4.761148
	NO REAL ROOTS

==> 4.580976 3.178559 3.586485
	NO REAL ROOTS

==> 0.708013 3.034844 0.081503
Two real double roots found:
	Roots at: -4.259398 & -4.259398

==> 1.214434 0.686158 4.020884
	NO REAL ROOTS

==> 0.783395 2.004722 0.648952
Two real double roots found:
	Roots at: -2.178820 & -2.178820

==> 0.544044 4.994622 1.091285
Two real double roots found:
	Roots at: -8.956593 & -8.956593

==> 2.564662 4.195561 3.063199
	NO REAL ROOTS

==> 1.480158 3.187761 2.621436
	NO REAL ROOTS

==> 2.467915 4.863875 1.462584
Two real double roots found:
	Roots at: -1.600578 & -1.600578

==> 3.856789 2.633725 3.849569
	NO REAL ROOTS

==> 2.001143 4.457647 1.416574
Two real double roots found:
	Roots at: -1.843578 & -1.843578

==> 1.762292 4.038623 4.595132
	NO REAL ROOTS

==> 0.348776 4.746635 2.629977
Two real double roots found:
	Roots at: -13.030730 & -13.030730

==> 0.430279 0.961069 3.316134
	NO REAL ROOTS

==> 4.451163 1.744465 0.320857
	NO REAL ROOTS

==> 0.100115 2.288509 0.315479
Two real double roots found:
	Roots at: -22.720106 & -22.720106

==> 1.191400 4.853170 4.511041
Two real double roots found:
	Roots at: -2.638430 & -2.638430

==> 4.254599 1.333329 2.698802
	NO REAL ROOTS

==> 1.876035 3.801244 2.562677
	NO REAL ROOTS

==> 3.338619 2.658032 0.196402
Two real double roots found:
	Roots at: -0.713724 & -0.713724

==> 2.188188 4.659175 4.654049
	NO REAL ROOTS

==> 3.604762 1.421467 3.692672
	NO REAL ROOTS

==> 3.199894 1.770243 3.439307
	NO REAL ROOTS

==> 0.829871 2.200523 4.400376
	NO REAL ROOTS

==> 4.146006 1.651686 1.144841
	NO REAL ROOTS

==> 4.466862 1.751801 3.433349
	NO REAL ROOTS

==> 4.782341 2.943201 3.286520
	NO REAL ROOTS

==> 4.293382 2.197799 4.619849
	NO REAL ROOTS

==> 1.992183 4.073834 3.421093
	NO REAL ROOTS

==> 4.554860 2.412453 1.079125
	NO REAL ROOTS

==> 4.751262 4.600641 0.738300
Two real double roots found:
	Roots at: -0.765237 & -0.765237

==> 4.405311 3.205403 2.159767
	NO REAL ROOTS

==> 3.097982 1.405297 3.930011
	NO REAL ROOTS

==> 1.537289 2.235168 1.130533
	NO REAL ROOTS

==> 0.937666 1.381173 2.782219
	NO REAL ROOTS

==> 2.082506 0.848035 4.534019
	NO REAL ROOTS

==> 0.515856 0.630377 2.477220
	NO REAL ROOTS

==> 3.802376 4.923758 4.675020
	NO REAL ROOTS

==> 3.422225 1.915942 3.748854
	NO REAL ROOTS

==> 1.843318 1.470802 1.161308
	NO REAL ROOTS

==> 2.922442 1.222064 0.761949
	NO REAL ROOTS

==> 3.660743 0.627375 3.967352
	NO REAL ROOTS

==> 0.820510 3.725357 0.372649
Two real double roots found:
	Roots at: -4.437957 & -4.437957

==> 4.750520 0.262646 2.607817
	NO REAL ROOTS

==> 0.881053 1.200312 3.988990
	NO REAL ROOTS

==> 3.663272 3.282818 4.837026
	NO REAL ROOTS

==> 3.197292 3.798674 0.467402
Two real double roots found:
	Roots at: -1.048692 & -1.048692

==> 0.674512 2.601050 0.391161
Two real double roots found:
	Roots at: -3.699437 & -3.699437

==> 0.349532 1.023275 2.307102
	NO REAL ROOTS

==> 4.098386 2.866593 3.777904
	NO REAL ROOTS

==> 0.259694 0.789036 4.999968
	NO REAL ROOTS

==> 1.021643 4.449778 0.627342
Two real double roots found:
	Roots at: -4.209644 & -4.209644

==> 4.988995 0.270288 4.352699
	NO REAL ROOTS

==> 0.361644 0.020808 4.615345
	NO REAL ROOTS

==> 2.969461 0.901861 0.815657
	NO REAL ROOTS

==> 1.958451 4.565134 4.098476
	NO REAL ROOTS

==> 1.795477 2.762425 2.897150
	NO REAL ROOTS

==> 2.262879 3.436937 0.498200
Two real double roots found:
	Roots at: -1.356537 & -1.356537

==> 2.654040 3.786469 1.521476
	NO REAL ROOTS

==> 4.961142 2.884856 4.388069
	NO REAL ROOTS

==> 3.739047 3.144550 0.177105
Two real double roots found:
	Roots at: -0.780300 & -0.780300

==> 3.739014 4.166193 4.626883
	NO REAL ROOTS

==> 4.366357 4.155188 4.897171
	NO REAL ROOTS

==> 3.719056 4.516831 4.917979
	NO REAL ROOTS

==> 3.334402 2.486293 0.819840
	NO REAL ROOTS

==> 4.150059 4.444744 0.384973
Two real double roots found:
	Roots at: -0.975959 & -0.975959

==> 3.248535 1.240221 3.147398
	NO REAL ROOTS

==> 1.145685 3.503100 1.584336
Two real double roots found:
	Roots at: -2.505772 & -2.505772

==> 1.643885 1.157140 0.370805
	NO REAL ROOTS

==> 3.165361 1.118282 3.255661
	NO REAL ROOTS

==> 2.553430 4.857328 1.400210
Two real double roots found:
	Roots at: -1.548046 & -1.548046

==> 2.730534 3.596343 0.566403
Two real double roots found:
	Roots at: -1.134194 & -1.134194

==> 2.357417 2.962699 4.721591
	NO REAL ROOTS

==> 2.254588 1.681756 4.238422
	NO REAL ROOTS

==> 2.172566 0.016157 1.724715
	NO REAL ROOTS

==> 2.992406 4.166216 1.169459
Two real double roots found:
	Roots at: -1.002383 & -1.002383

==> 3.377380 2.414751 2.409679
	NO REAL ROOTS

==> 1.524778 3.560436 0.912779
Two real double roots found:
	Roots at: -2.041875 & -2.041875

==> 3.109114 0.204322 2.069919
	NO REAL ROOTS

==> 3.479919 3.369682 3.188201
	NO REAL ROOTS

==> 1.735579 0.923112 3.045529
	NO REAL ROOTS

==> 3.135789 3.653647 1.641872
	NO REAL ROOTS

==> 3.702192 1.011064 4.604572
	NO REAL ROOTS

==> 3.423783 3.265652 1.286327
	NO REAL ROOTS

==> 2.662205 0.438218 1.302485
	NO REAL ROOTS

==> 4.386920 3.430624 0.468701
Two real double roots found:
	Roots at: -0.605587 & -0.605587

==> 0.556378 1.808004 2.883452
	NO REAL ROOTS

==> 2.966057 3.332783 1.443889
	NO REAL ROOTS

==> 3.878836 1.441897 1.648210
	NO REAL ROOTS

==> 0.948755 4.921816 0.017893
Two real double roots found:
	Roots at: -5.184019 & -5.184019

==> 4.136956 1.657395 0.941005
	NO REAL ROOTS

==> 2.182485 4.793185 4.594652
	NO REAL ROOTS

==> 3.824357 3.495377 0.605716
Two real double roots found:
	Roots at: -0.681611 & -0.681611

==> 3.428929 1.919160 3.871367
	NO REAL ROOTS

==> 4.715256 4.581365 4.309586
	NO REAL ROOTS

==> 1.017741 3.968284 2.740210
Two real double roots found:
	Roots at: -3.002323 & -3.002323

==> 1.486442 4.524662 4.548215
	NO REAL ROOTS

==> 4.369895 2.490720 2.880998
	NO REAL ROOTS

==> 0.813784 1.369556 4.322895
	NO REAL ROOTS

==> 2.461994 2.318311 4.244711
	NO REAL ROOTS

==> 2.479887 1.455266 0.902106
	NO REAL ROOTS

==> 3.420892 3.637751 0.695291
Two real double roots found:
	Roots at: -0.813569 & -0.813569

==> 3.015544 2.462109 4.190668
	NO REAL ROOTS

==> 3.621260 0.891038 1.109828
	NO REAL ROOTS

==> 2.492627 0.606294 0.691192
	NO REAL ROOTS

==> 1.802213 1.624035 4.659477
	NO REAL ROOTS

==> 4.542423 3.110477 4.184139
	NO REAL ROOTS

==> 4.090638 2.480372 1.674858
	NO REAL ROOTS

==> 1.971636 3.294156 3.044414
	NO REAL ROOTS

==> 1.294531 0.756150 0.362725
	NO REAL ROOTS

==> 0.539241 3.236037 1.817991
Two real double roots found:
	Roots at: -5.373710 & -5.373710

==> 1.441348 1.656929 0.455743
Two real double roots found:
	Roots at: -0.693885 & -0.693885

==> 2.136639 4.672473 2.917851
	NO REAL ROOTS

==> 1.327307 3.293733 3.808889
	NO REAL ROOTS

==> 2.437134 0.786361 4.415183
	NO REAL ROOTS

==> 3.128326 2.588574 1.039218
	NO REAL ROOTS

==> 2.787803 2.130997 4.149695
	NO REAL ROOTS

==> 1.971942 1.221635 1.630067
	NO REAL ROOTS

==> 3.646800 3.193271 4.924223
	NO REAL ROOTS

==> 1.691215 4.487801 0.680373
Two real double roots found:
	Roots at: -2.492171 & -2.492171

==> 2.053940 0.027043 3.916410
	NO REAL ROOTS

==> 3.871931 1.468390 0.573339
	NO REAL ROOTS

==> 4.327674 3.605029 0.245812
Two real double roots found:
	Roots at: -0.758093 & -0.758093

==> 2.245526 4.932336 3.539546
	NO REAL ROOTS

==> 1.054415 2.369470 4.325906
	NO REAL ROOTS

==> 0.469598 0.497797 1.914480
	NO REAL ROOTS

==> 1.508815 3.285600 4.045476
	NO REAL ROOTS

==> 0.658511 0.257541 0.267111
	NO REAL ROOTS

==> 2.288578 3.904342 3.460382
	NO REAL ROOTS

==> 2.212801 0.595556 2.948184
	NO REAL ROOTS

==> 2.893174 2.649496 2.975226
	NO REAL ROOTS

==> 1.809584 1.521427 4.443616
	NO REAL ROOTS

==> 2.382923 0.849101 3.048645
	NO REAL ROOTS

==> 2.628736 3.094627 2.980981
	NO REAL ROOTS

==> 1.168281 4.149042 0.350451
Two real double roots found:
	Roots at: -3.464832 & -3.464832

==> 0.494187 4.618639 0.848247
Two real double roots found:
	Roots at: -9.158518 & -9.158518

==> 2.408667 1.127455 4.133847
	NO REAL ROOTS

==> 1.454143 1.785965 4.391388
	NO REAL ROOTS

==> 1.721255 4.074543 3.295730
	NO REAL ROOTS

==> 0.181637 1.287345 3.891287
	NO REAL ROOTS

==> 3.129821 4.180519 1.540783
	NO REAL ROOTS

==> 1.105047 0.990103 3.062210
	NO REAL ROOTS

==> 0.548663 3.373026 3.911311
Two real double roots found:
	Roots at: -4.596951 & -4.596951

==> 3.597309 1.001762 2.005938
	NO REAL ROOTS

==> 1.578290 2.170043 1.154980
	NO REAL ROOTS

==> 1.928741 2.664230 0.773619
Two real double roots found:
	Roots at: -0.966199 & -0.966199

==> 2.776989 0.072897 1.901073
	NO REAL ROOTS

==> 1.910836 1.527040 3.687039
	NO REAL ROOTS

==> 1.302224 3.248295 2.761582
	NO REAL ROOTS

==> 4.597954 3.429932 4.048926
	NO REAL ROOTS

==> 3.489241 1.559752 3.229445
	NO REAL ROOTS

==> 0.030024 2.664799 4.219548
Two real double roots found:
	Roots at: -87.142885 & -87.142885

==> 3.092234 3.213463 2.592574
	NO REAL ROOTS

==> 2.003545 1.810772 3.594336
	NO REAL ROOTS

==> 4.009483 3.389062 0.764379
	NO REAL ROOTS

==> 0.164463 0.317803 3.428609
	NO REAL ROOTS

==> 0.938082 3.094792 3.501506
	NO REAL ROOTS

==> 2.839155 0.005627 0.028546
	NO REAL ROOTS

==> 1.526194 1.307852 3.276840
	NO REAL ROOTS

==> 4.287776 0.905806 1.706772
	NO REAL ROOTS

==> 3.336703 4.395047 3.266525
	NO REAL ROOTS

==> 1.566148 4.425071 0.931324
Two real double roots found:
	Roots at: -2.596418 & -2.596418

==> 0.785696 2.517305 4.144787
	NO REAL ROOTS

==> 3.378270 4.520850 0.955558
Two real double roots found:
	Roots at: -1.075125 & -1.075125

==> 1.972606 3.530334 4.344620
	NO REAL ROOTS

==> 2.736985 3.694797 4.662423
	NO REAL ROOTS

==> 1.165594 4.632879 2.757215
Two real double roots found:
	Roots at: -3.245935 & -3.245935

==> 4.667100 2.472034 2.762842
	NO REAL ROOTS

==> 4.695646 3.998229 4.070693
	NO REAL ROOTS

==> 2.972486 3.286005 4.976500
	NO REAL ROOTS

==> 4.679259 1.622707 4.371547
	NO REAL ROOTS

==> 2.945783 3.188855 3.796618
	NO REAL ROOTS

==> 3.877107 3.974551 1.313923
	NO REAL ROOTS

==> 3.021894 2.352821 0.834773
	NO REAL ROOTS

==> 3.977452 4.325428 4.365107
	NO REAL ROOTS

==> 3.322072 2.062413 3.059904
	NO REAL ROOTS

==> 2.984495 3.228008 2.692783
	NO REAL ROOTS

==> 0.741710 2.895108 0.164817
Two real double roots found:
	Roots at: -3.845503 & -3.845503

==> 3.504552 2.590754 4.163045
	NO REAL ROOTS

==> 2.575245 0.563240 2.449050
	NO REAL ROOTS

==> 2.551745 0.242498 4.071757
	NO REAL ROOTS

==> 1.923292 3.188282 2.260612
	NO REAL ROOTS

==> 0.719910 2.065389 1.235163
Two real double roots found:
	Roots at: -2.019290 & -2.019290

==> 2.033833 0.087283 3.587984
	NO REAL ROOTS

==> 2.868606 4.064735 2.913411
	NO REAL ROOTS

==> 2.233713 2.386807 4.975824
	NO REAL ROOTS

==> 0.293616 0.371302 3.203832
	NO REAL ROOTS

==> 2.986399 1.113012 1.098939
	NO REAL ROOTS

==> 3.151216 4.617563 3.689692
	NO REAL ROOTS

==> 2.314261 2.192809 4.252933
	NO REAL ROOTS

==> 4.763311 4.744554 4.495430
	NO REAL ROOTS

==> 3.835068 1.667846 2.683712
	NO REAL ROOTS

==> 1.095680 2.387756 4.749102
	NO REAL ROOTS

==> 2.330843 4.421589 4.836385
	NO REAL ROOTS

==> 0.918827 2.290195 3.901120
	NO REAL ROOTS

==> 3.832238 4.523908 1.287927
Two real double roots found:
	Roots at: -0.701197 & -0.701197

==> 3.808062 4.817523 1.659229
	NO REAL ROOTS

==> 2.011894 2.803923 2.772241
	NO REAL ROOTS

==> 3.110833 0.955138 2.389804
	NO REAL ROOTS

==> 1.800526 3.269400 4.582613
	NO REAL ROOTS

==> 1.053458 3.032711 4.327168
	NO REAL ROOTS

==> 0.548888 1.867779 0.995014
Two real double roots found:
	Roots at: -2.741638 & -2.741638

==> 3.232601 2.963459 3.382770
	NO REAL ROOTS

==> 2.981703 0.294302 2.804359
	NO REAL ROOTS

==> 2.818087 1.213129 0.094554
Two real double roots found:
	Roots at: -0.328269 & -0.328269

==> 1.719207 0.045367 4.618462
	NO REAL ROOTS

==> 3.007133 3.853429 4.435985
	NO REAL ROOTS

==> 4.666363 0.865323 2.239908
	NO REAL ROOTS

==> 2.438603 3.976156 3.195046
	NO REAL ROOTS

==> 4.828408 0.776682 1.464446
	NO REAL ROOTS

==> 4.411021 1.830140 4.497157
	NO REAL ROOTS

==> 3.738189 2.379028 1.364936
	NO REAL ROOTS

==> 4.733202 0.611629 4.328395
	NO REAL ROOTS

==> 3.115972 3.593332 4.622697
	NO REAL ROOTS

==> 0.920331 1.411419 0.835827
	NO REAL ROOTS

==> 1.014885 3.130626 0.881194
Two real double roots found:
	Roots at: -2.771415 & -2.771415

==> 0.633346 1.137759 4.734623
	NO REAL ROOTS

==> 0.069331 0.804122 0.599947
Two real double roots found:
	Roots at: -10.796830 & -10.796830

==> 2.309239 3.242726 4.576103
	NO REAL ROOTS

==> 0.504285 3.071134 0.352785
Two real double roots found:
	Roots at: -5.972953 & -5.972953

==> 1.968730 2.482155 2.182925
	NO REAL ROOTS

==> 1.465887 1.220344 4.561953
	NO REAL ROOTS

==> 2.830822 0.953546 0.173582
	NO REAL ROOTS

==> 2.159218 4.069519 3.766913
	NO REAL ROOTS

==> 1.781915 4.989849 0.178332
Two real double roots found:
	Roots at: -2.764066 & -2.764066

==> 2.617742 1.004734 3.308958
	NO REAL ROOTS

==> 3.498936 1.638081 4.446717
	NO REAL ROOTS

==> 3.233559 1.707412 0.250839
	NO REAL ROOTS

==> 3.833506 4.016651 3.493565
	NO REAL ROOTS

==> 3.409609 4.520936 1.564698
	NO REAL ROOTS

==> 3.762393 1.489666 4.046854
	NO REAL ROOTS

==> 0.945318 2.955553 0.267197
Two real double roots found:
	Roots at: -3.033335 & -3.033335

==> 0.507271 0.786375 1.220743
	NO REAL ROOTS

==> 0.680853 2.945593 0.290261
Two real double roots found:
	Roots at: -4.225434 & -4.225434

==> 4.447766 4.727508 0.280111
Two real double roots found:
	Roots at: -0.999912 & -0.999912

==> 4.626098 2.345250 1.284845
	NO REAL ROOTS

==> 2.935056 0.844186 2.922926
	NO REAL ROOTS

==> 2.381773 4.077745 4.630338
	NO REAL ROOTS

==> 2.632613 2.911251 3.646989
	NO REAL ROOTS

==> 1.126178 1.320859 3.167924
	NO REAL ROOTS

==> 2.690876 0.083253 4.657590
	NO REAL ROOTS

==> 1.737730 1.028571 2.613143
	NO REAL ROOTS

==> 2.004927 1.535842 3.399519
	NO REAL ROOTS

==> 3.225670 2.216694 1.345112
	NO REAL ROOTS

==> 3.515931 1.664460 1.072620
	NO REAL ROOTS

==> 3.796042 1.290558 3.417870
	NO REAL ROOTS

==> 0.080887 4.225615 4.262056
Two real double roots found:
	Roots at: -51.212080 & -51.212080

==> 3.003813 1.607388 3.339801
	NO REAL ROOTS

==> 2.634151 4.240001 1.251052
Two real double roots found:
	Roots at: -1.220493 & -1.220493

==> 1.281139 0.366178 2.571911
	NO REAL ROOTS

==> 4.449063 3.057055 2.655164
	NO REAL ROOTS

==> 4.106654 4.794785 3.683735
	NO REAL ROOTS

==> 1.719797 1.799711 0.219577
Two real double roots found:
	Roots at: -0.905460 & -0.905460

==> 0.119316 0.025381 2.436271
	NO REAL ROOTS

==> 1.464428 3.541312 4.100731
	NO REAL ROOTS

==> 2.537048 2.337354 0.391289
Two real double roots found:
	Roots at: -0.701400 & -0.701400

==> 0.954918 2.418242 4.616904
	NO REAL ROOTS

==> 0.216974 0.422055 1.224292
	NO REAL ROOTS

==> 3.556774 3.056206 0.464292
Two real double roots found:
	Roots at: -0.662110 & -0.662110

==> 4.807826 4.337345 0.830470
Two real double roots found:
	Roots at: -0.626378 & -0.626378

==> 2.379737 3.786409 3.887525
	NO REAL ROOTS

==> 0.034901 2.893063 3.682309
Two real double roots found:
	Roots at: -81.600439 & -81.600439

==> 3.718636 4.612860 0.482021
Two real double roots found:
	Roots at: -1.125279 & -1.125279

==> 3.938212 4.732176 0.507402
Two real double roots found:
	Roots at: -1.082594 & -1.082594

==> 1.374483 1.196604 4.048714
	NO REAL ROOTS

==> 0.475214 3.733652 1.386068
Two real double roots found:
	Roots at: -7.466119 & -7.466119

==> 0.866503 4.688569 3.804310
Two real double roots found:
	Roots at: -4.416906 & -4.416906

==> 0.483407 4.905543 4.226365
Two real double roots found:
	Roots at: -9.197257 & -9.197257

==> 1.707698 3.462317 2.282571
	NO REAL ROOTS

==> 2.171990 3.270143 1.619916
	NO REAL ROOTS

==> 3.002461 0.649880 0.406325
	NO REAL ROOTS

==> 1.889986 0.684780 3.299388
	NO REAL ROOTS

==> 0.572295 4.403416 2.912248
Two real double roots found:
	Roots at: -6.963546 & -6.963546

==> 1.054316 3.341628 2.644424
Two real double roots found:
	Roots at: -1.641337 & -1.641337

==> 1.561717 4.716111 3.841028
	NO REAL ROOTS

==> 0.610431 0.191324 2.574680
	NO REAL ROOTS

==> 1.996499 1.057827 2.263249
	NO REAL ROOTS

==> 0.800810 1.541234 2.168792
	NO REAL ROOTS

==> 0.027174 3.248933 0.631109
Two real double roots found:
	Roots at: -119.365788 & -119.365788

==> 2.309745 0.420923 3.901253
	NO REAL ROOTS

==> 3.929662 3.423384 4.551133
	NO REAL ROOTS

==> 4.335987 0.313370 0.235913
	NO REAL ROOTS

==> 2.635375 0.885665 4.639329
	NO REAL ROOTS

==> 0.547623 1.939981 2.980957
	NO REAL ROOTS

==> 3.192047 3.501698 2.697067
	NO REAL ROOTS

==> 2.033075 4.112129 2.888391
	NO REAL ROOTS

==> 4.607755 1.108629 3.946218
	NO REAL ROOTS

==> 1.871004 1.909438 0.487453
	NO REAL ROOTS

==> 4.039796 1.936613 3.736386
	NO REAL ROOTS

==> 4.670906 4.246358 4.157309
	NO REAL ROOTS

==> 3.572158 3.176019 2.580693
	NO REAL ROOTS

==> 3.123291 2.512007 2.894063
	NO REAL ROOTS

==> 3.359204 0.147381 3.779727
	NO REAL ROOTS

==> 2.998533 0.695004 0.719708
	NO REAL ROOTS

==> 0.979489 3.887051 4.221406
	NO REAL ROOTS

==> 3.676556 0.920126 3.333535
	NO REAL ROOTS

==> 1.564948 0.527882 4.442164
	NO REAL ROOTS

==> 0.511166 2.398886 1.351603
Two real double roots found:
	Roots at: -4.038179 & -4.038179

==> 0.998619 1.438682 3.288215
	NO REAL ROOTS

==> 4.735005 1.109588 2.534573
	NO REAL ROOTS

==> 3.892313 4.681746 0.710593
Two real double roots found:
	Roots at: -1.024647 & -1.024647

==> 1.473006 2.805037 3.222599
	NO REAL ROOTS

==> 4.367069 1.164241 3.369980
	NO REAL ROOTS

==> 3.146796 4.162773 4.064984
	NO REAL ROOTS

==> 3.866505 0.142263 2.952036
	NO REAL ROOTS

==> 3.087911 3.818819 3.872162
	NO REAL ROOTS

==> 1.421446 0.383767 4.400043
	NO REAL ROOTS

==> 0.863611 0.894933 1.798929
	NO REAL ROOTS

==> 2.215213 1.893552 3.237611
	NO REAL ROOTS

==> 0.503428 1.628557 4.347199
	NO REAL ROOTS

==> 3.038002 0.520871 4.028945
	NO REAL ROOTS

==> 3.748595 1.993877 1.833982
	NO REAL ROOTS

==> 1.971194 1.360946 2.998222
	NO REAL ROOTS

==> 0.341174 4.507743 2.160995
Two real double roots found:
	Roots at: -12.714265 & -12.714265

==> 4.406158 3.374248 2.303258
	NO REAL ROOTS

==> 2.358194 1.462159 1.122077
	NO REAL ROOTS

==> 1.230356 2.883605 1.505844
Two real double roots found:
	Roots at: -1.558306 & -1.558306

==> 0.630400 3.747216 2.400778
Two real double roots found:
	Roots at: -5.213745 & -5.213745

==> 2.429329 0.962429 4.294330
	NO REAL ROOTS

==> 0.666940 1.465857 0.922887
	NO REAL ROOTS

==> 0.014139 4.503859 1.443758
Two real double roots found:
	Roots at: -318.220664 & -318.220664

==> 4.043084 3.252454 3.437636
	NO REAL ROOTS

==> 0.877066 0.223647 4.798582
	NO REAL ROOTS

==> 3.875288 0.564821 4.306325
	NO REAL ROOTS

==> 1.036283 4.970980 2.680573
Two real double roots found:
	Roots at: -4.177770 & -4.177770

==> 3.339541 2.329174 4.142732
	NO REAL ROOTS

==> 4.461619 3.559530 2.026337
	NO REAL ROOTS

==> 0.967463 4.189929 0.773553
Two real double roots found:
	Roots at: -4.137597 & -4.137597

==> 3.368241 1.619258 1.735982
	NO REAL ROOTS

==> 2.662571 2.286198 3.201839
	NO REAL ROOTS

==> 3.585458 2.300337 2.705698
	NO REAL ROOTS

==> 0.029216 1.343421 0.958152
Two real double roots found:
	Roots at: -45.257733 & -45.257733

==> 3.466851 2.220487 1.181799
	NO REAL ROOTS

==> 3.265433 1.095774 1.746620
	NO REAL ROOTS

==> 2.571758 2.132058 1.717600
	NO REAL ROOTS

==> 0.252331 0.471599 4.046774
	NO REAL ROOTS

==> 4.395063 4.933218 2.606304
	NO REAL ROOTS

==> 1.421400 0.900682 1.796233
	NO REAL ROOTS

==> 2.194952 4.268922 3.415492
	NO REAL ROOTS

==> 3.930934 1.931493 0.701690
	NO REAL ROOTS

==> 2.132773 0.516951 3.002027
	NO REAL ROOTS

==> 4.838470 0.546167 4.345448
	NO REAL ROOTS

==> 0.796622 4.013019 1.565935
Two real double roots found:
	Roots at: -4.611258 & -4.611258

==> 1.978421 2.278452 2.661710
	NO REAL ROOTS

==> 3.725041 4.850211 4.793767
	NO REAL ROOTS

==> 0.442642 0.102542 0.265367
	NO REAL ROOTS

==> 4.489416 4.497605 0.198585
Two real double roots found:
	Roots at: -0.955531 & -0.955531

==> 2.095719 0.919004 1.099267
	NO REAL ROOTS

==> 3.891953 3.113956 0.368189
Two real double roots found:
	Roots at: -0.655859 & -0.655859

==> 2.307445 2.044890 2.299683
	NO REAL ROOTS

==> 3.009135 4.177663 2.816634
	NO REAL ROOTS

==> 1.011162 4.016133 3.362801
Two real double roots found:
	Roots at: -2.772105 & -2.772105

==> 0.356610 4.812756 2.375819
Two real double roots found:
	Roots at: -12.982690 & -12.982690

==> 1.922545 1.791177 4.654271
	NO REAL ROOTS

==> 4.584255 0.516218 4.504482
	NO REAL ROOTS

==> 4.378022 0.958859 4.607024
	NO REAL ROOTS

==> 4.643388 0.448275 4.104628
	NO REAL ROOTS

==> 4.841973 2.543994 0.023633
Two real double roots found:
	Roots at: -0.515944 & -0.515944

==> 0.941240 1.435947 3.137589
	NO REAL ROOTS

==> 1.309430 3.743392 0.182479
Two real double roots found:
	Roots at: -2.809187 & -2.809187

==> 3.609112 1.752526 4.360142
	NO REAL ROOTS

==> 1.425746 2.763688 3.376276
	NO REAL ROOTS

==> 4.788547 3.120298 3.189031
	NO REAL ROOTS

==> 2.164366 0.042843 4.980207
	NO REAL ROOTS

==> 1.818637 4.627098 0.496426
Two real double roots found:
	Roots at: -2.432029 & -2.432029

==> 1.323119 4.005119 1.455285
Two real double roots found:
	Roots at: -2.604768 & -2.604768

==> 0.930143 3.648508 1.903560
Two real double roots found:
	Roots at: -3.302912 & -3.302912

==> 0.034771 3.490481 4.447555
Two real double roots found:
	Roots at: -99.094039 & -99.094039

==> 0.058403 4.431722 0.883502
Two real double roots found:
	Roots at: -75.681870 & -75.681870

==> 3.195993 0.741151 4.626894
	NO REAL ROOTS

==> 3.378472 4.350264 1.379420
Two real double roots found:
	Roots at: -0.722617 & -0.722617

==> 2.738614 0.776009 4.143108
	NO REAL ROOTS

==> 1.114890 0.564556 2.263406
	NO REAL ROOTS

==> 4.303921 2.728922 2.306249
	NO REAL ROOTS

==> 4.284129 4.547560 1.933346
	NO REAL ROOTS

==> 4.780554 0.870679 0.938466
	NO REAL ROOTS

==> 1.235839 1.800821 4.586974
	NO REAL ROOTS

==> 3.139399 1.835592 3.077455
	NO REAL ROOTS

==> 2.586954 1.893996 2.509177
	NO REAL ROOTS

==> 3.470455 0.089988 3.250328
	NO REAL ROOTS

==> 3.097349 3.468461 2.600591
	NO REAL ROOTS

==> 4.476768 1.207075 3.376601
	NO REAL ROOTS

==> 3.619876 2.321964 3.941157
	NO REAL ROOTS

==> 0.883282 1.625885 1.670079
	NO REAL ROOTS

==> 3.189531 0.910014 1.217638
	NO REAL ROOTS

==> 0.122877 0.690569 2.088317
	NO REAL ROOTS

==> 1.061343 1.926408 3.889139
	NO REAL ROOTS

==> 0.648317 0.065807 0.724731
	NO REAL ROOTS

==> 3.725772 2.652761 2.618727
	NO REAL ROOTS

==> 1.234949 1.123216 2.708715
	NO REAL ROOTS

==> 4.485277 4.220565 1.177176
	NO REAL ROOTS

==> 2.085868 3.697334 2.384250
	NO REAL ROOTS

==> 0.462469 2.317210 4.706214
	NO REAL ROOTS

==> 4.403625 3.200492 1.332100
	NO REAL ROOTS

==> 1.073704 1.390023 2.242114
	NO REAL ROOTS

==> 2.291343 1.512901 2.932683
	NO REAL ROOTS

==> 4.379660 2.574244 4.859091
	NO REAL ROOTS

==> 3.268799 3.222561 4.924898
	NO REAL ROOTS

==> 3.993529 1.948333 2.577659
	NO REAL ROOTS

==> 1.612256 3.183282 3.700875
	NO REAL ROOTS

==> 4.320971 2.668558 2.921441
	NO REAL ROOTS

==> 0.498147 4.754426 1.618774
Two real double roots found:
	Roots at: -9.190647 & -9.190647

==> 2.882397 0.216895 3.935984
	NO REAL ROOTS

==> 2.588611 4.620521 2.136477
	NO REAL ROOTS

==> 3.920711 0.694225 3.526500
	NO REAL ROOTS

==> 1.162825 2.985568 0.039400
Two real double roots found:
	Roots at: -2.554247 & -2.554247

==> 4.095508 2.365227 2.613644
	NO REAL ROOTS

==> 3.954599 0.634026 0.836205
	NO REAL ROOTS

==> 3.879497 4.627555 2.784539
	NO REAL ROOTS

==> 1.457156 1.239812 0.967820
	NO REAL ROOTS

==> 0.158032 0.560783 3.636379
	NO REAL ROOTS

==> 3.079472 1.058930 3.390805
	NO REAL ROOTS

==> 4.698246 3.941326 3.607700
	NO REAL ROOTS

==> 3.634231 1.529937 3.228220
	NO REAL ROOTS

==> 0.770707 0.450649 3.922445
	NO REAL ROOTS

==> 4.297207 1.613474 1.908013
	NO REAL ROOTS

==> 4.336607 0.708982 4.273240
	NO REAL ROOTS

==> 1.950252 4.663581 4.907266
	NO REAL ROOTS

==> 2.786457 3.543078 4.534822
	NO REAL ROOTS

==> 0.570996 0.000234 0.774633
	NO REAL ROOTS

==> 1.538816 0.158266 1.335416
	NO REAL ROOTS

==> 0.175195 3.237739 2.394346
Two real double roots found:
	Roots at: -17.709035 & -17.709035

==> 3.566000 2.935985 1.335672
	NO REAL ROOTS

==> 2.173700 1.570216 2.865609
	NO REAL ROOTS

==> 0.401920 2.340923 3.316258
Two real double roots found:
	Roots at: -3.391473 & -3.391473

==> 4.324366 1.638130 4.929731
	NO REAL ROOTS

==> 1.232378 0.974738 0.638714
	NO REAL ROOTS

==> 0.505619 2.924989 0.302294
Two real double roots found:
	Roots at: -5.679702 & -5.679702

==> 0.412885 0.711447 3.845372
	NO REAL ROOTS

==> 4.947706 1.282443 3.845607
	NO REAL ROOTS

==> 0.722340 2.821259 4.003873
	NO REAL ROOTS

==> 2.057756 2.996453 2.241611
	NO REAL ROOTS

==> 4.452102 1.562453 0.177596
	NO REAL ROOTS

==> 0.787773 3.736153 1.747812
Two real double roots found:
	Roots at: -4.216487 & -4.216487

==> 3.653383 4.138073 4.088735
	NO REAL ROOTS

==> 1.969640 3.462439 0.726866
Two real double roots found:
	Roots at: -1.514186 & -1.514186

==> 1.899372 4.694817 1.701603
Two real double roots found:
	Roots at: -2.030581 & -2.030581

==> 2.538085 0.200435 4.626593
	NO REAL ROOTS

==> 2.840380 0.613320 0.338039
	NO REAL ROOTS

==> 1.685752 0.561027 1.620482
	NO REAL ROOTS

==> 0.531359 1.283367 4.441741
	NO REAL ROOTS

==> 4.535232 3.341123 2.438194
	NO REAL ROOTS

==> 1.776844 2.793224 4.000647
	NO REAL ROOTS

==> 1.954440 3.580997 2.736800
	NO REAL ROOTS

==> 3.702252 2.234380 1.874873
	NO REAL ROOTS

==> 2.790988 4.204021 0.337311
Two real double roots found:
	Roots at: -1.421248 & -1.421248

==> 3.517853 1.103393 0.032128
Two real double roots found:
	Roots at: -0.281174 & -0.281174

==> 0.219456 3.641479 0.232563
Two real double roots found:
	Roots at: -16.529095 & -16.529095

==> 4.846049 1.481858 0.845884
	NO REAL ROOTS

==> 0.184088 3.167611 1.406910
Two real double roots found:
	Roots at: -16.750794 & -16.750794

==> 1.804570 3.698970 2.690277
	NO REAL ROOTS

==> 1.246310 3.234202 1.031399
Two real double roots found:
	Roots at: -2.222699 & -2.222699

==> 3.684504 0.011046 3.824623
	NO REAL ROOTS

==> 2.685151 1.965486 2.405621
	NO REAL ROOTS

==> 0.421951 0.667739 4.640001
	NO REAL ROOTS

==> 2.296824 3.458727 3.844021
	NO REAL ROOTS

==> 2.634135 1.976580 4.947414
	NO REAL ROOTS

==> 2.666263 2.196036 3.588892
	NO REAL ROOTS

==> 2.898826 2.042085 0.070751
Two real double roots found:
	Roots at: -0.667910 & -0.667910

==> 3.744710 2.226173 3.238361
	NO REAL ROOTS

==> 0.151620 4.030743 1.937332
Two real double roots found:
	Roots at: -26.094850 & -26.094850

==> 2.841897 0.277053 0.171534
	NO REAL ROOTS

==> 3.873296 3.961557 0.182580
Two real double roots found:
	Roots at: -0.974411 & -0.974411

==> 2.697920 1.646708 2.148067
	NO REAL ROOTS

==> 0.103540 2.068659 2.815805
Two real double roots found:
	Roots at: -18.510107 & -18.510107

==> 4.743541 4.365483 1.274532
	NO REAL ROOTS

==> 3.587562 1.999618 3.251112
	NO REAL ROOTS

==> 3.534976 4.665881 0.447149
Two real double roots found:
	Roots at: -1.215885 & -1.215885

==> 2.123869 2.564707 2.489234
	NO REAL ROOTS

==> 2.194619 1.309417 4.715407
	NO REAL ROOTS

==> 0.432981 1.461037 3.746150
	NO REAL ROOTS

==> 2.370313 4.302934 4.023203
	NO REAL ROOTS

==> 2.541847 3.176230 2.984761
	NO REAL ROOTS

==> 2.724427 0.874150 4.631469
	NO REAL ROOTS

==> 4.872494 0.977690 1.700128
	NO REAL ROOTS

==> 2.688299 0.721231 1.065611
	NO REAL ROOTS

==> 3.962831 4.308794 3.065229
	NO REAL ROOTS

==> 2.213943 2.843770 2.731110
	NO REAL ROOTS

==> 2.661092 4.967638 0.295817
Two real double roots found:
	Roots at: -1.805186 & -1.805186

==> 0.150326 2.162258 1.605234
Two real double roots found:
	Roots at: -13.598534 & -13.598534

==> 4.865733 2.595239 3.066271
	NO REAL ROOTS

==> 3.611883 4.965552 2.369205
	NO REAL ROOTS

==> 2.635087 2.507399 0.545435
Two real double roots found:
	Roots at: -0.614945 & -0.614945

==> 0.619847 0.231826 1.419585
	NO REAL ROOTS

==> 0.251316 0.104320 2.397275
	NO REAL ROOTS

==> 1.951445 2.792619 3.118507
	NO REAL ROOTS

==> 3.017056 1.755450 2.427300
	NO REAL ROOTS

==> 1.082284 3.969393 0.271070
Two real double roots found:
	Roots at: -3.597996 & -3.597996

==> 3.813394 1.630484 0.238709
	NO REAL ROOTS

==> 4.109210 1.780810 2.400967
	NO REAL ROOTS

==> 0.714444 1.646543 4.996206
	NO REAL ROOTS

==> 3.780715 0.258426 4.961758
	NO REAL ROOTS

==> 1.149919 2.893512 2.469157
	NO REAL ROOTS

==> 1.695354 3.513360 2.700983
	NO REAL ROOTS

==> 3.114939 3.764676 2.805302
	NO REAL ROOTS

==> 0.512214 0.716121 0.597921
	NO REAL ROOTS

==> 3.630721 3.733176 2.353370
	NO REAL ROOTS

==> 1.058021 4.815460 1.322763
Two real double roots found:
	Roots at: -4.257750 & -4.257750

==> 1.329092 3.628855 2.953247
	NO REAL ROOTS

==> 1.567801 2.738065 4.734057
	NO REAL ROOTS

==> 3.968767 3.452509 1.380599
	NO REAL ROOTS

==> 3.964973 2.233223 1.639025
	NO REAL ROOTS

==> 3.926731 3.383142 4.532537
	NO REAL ROOTS

==> 1.395888 0.078496 3.045897
	NO REAL ROOTS

==> 4.096870 3.193435 1.810573
	NO REAL ROOTS

==> 1.902172 3.705650 2.526694
	NO REAL ROOTS

==> 2.500093 2.336371 1.259870
	NO REAL ROOTS

==> 4.853463 3.394392 1.075331
	NO REAL ROOTS

==> 1.176226 4.723484 4.704185
Two real double roots found:
	Roots at: -2.187526 & -2.187526

==> 4.129473 1.291284 2.442250
	NO REAL ROOTS

==> 3.863530 0.260052 0.894759
	NO REAL ROOTS

==> 0.244129 4.225025 3.127982
Two real double roots found:
	Roots at: -16.531471 & -16.531471

==> 1.883154 3.151756 1.511124
	NO REAL ROOTS

==> 1.415692 4.547643 1.589620
Two real double roots found:
	Roots at: -2.813168 & -2.813168

==> 4.461589 3.644514 4.783055
	NO REAL ROOTS

==> 1.272162 0.546686 3.488705
	NO REAL ROOTS

==> 3.798856 3.046779 0.825076
	NO REAL ROOTS

==> 0.058726 2.900242 4.219468
Two real double roots found:
	Roots at: -47.885542 & -47.885542

==> 1.134057 4.076468 3.942952
	NO REAL ROOTS

==> 0.838242 3.205941 0.234236
Two real double roots found:
	Roots at: -3.750086 & -3.750086

==> 3.280492 2.069470 0.494288
	NO REAL ROOTS

==> 4.175251 2.313599 4.719313
	NO REAL ROOTS

==> 2.303232 4.196754 2.871068
	NO REAL ROOTS

==> 3.814356 0.612445 2.418712
	NO REAL ROOTS

==> 0.403976 0.074034 1.063225
	NO REAL ROOTS

==> 0.187032 1.346197 1.609911
Two real double roots found:
	Roots at: -5.683064 & -5.683064

==> 3.675737 0.145053 4.656690
	NO REAL ROOTS

==> 4.500813 0.203780 2.556932
	NO REAL ROOTS

==> 3.720281 1.337837 1.633400
	NO REAL ROOTS

==> 2.663233 2.176079 4.839340
	NO REAL ROOTS

==> 2.897470 0.456571 1.908811
	NO REAL ROOTS

==> 3.391757 4.631822 4.222410
	NO REAL ROOTS

==> 3.111070 1.935054 3.419164
	NO REAL ROOTS

==> 0.982139 0.749410 4.031610
	NO REAL ROOTS

==> 3.400851 1.153387 4.105644
	NO REAL ROOTS

==> 4.464076 1.340418 0.451841
	NO REAL ROOTS

==> 1.073987 0.016155 0.596894
	NO REAL ROOTS

==> 0.730677 4.516968 0.800673
Two real double roots found:
	Roots at: -5.999238 & -5.999238

==> 3.287609 3.237249 2.138510
	NO REAL ROOTS

==> 4.921008 0.900481 4.314589
	NO REAL ROOTS

==> 4.760348 3.797951 4.771161
	NO REAL ROOTS

==> 1.669159 2.189708 4.402982
	NO REAL ROOTS

==> 0.891570 0.300778 1.338037
	NO REAL ROOTS

==> 4.310733 1.282917 2.087447
	NO REAL ROOTS

==> 3.342343 4.683767 3.240834
	NO REAL ROOTS

==> 2.447987 4.147843 4.581252
	NO REAL ROOTS

==> 2.899827 0.221830 4.597407
	NO REAL ROOTS

==> 3.496721 0.952507 4.114376
	NO REAL ROOTS

==> 4.297395 4.240116 2.351624
	NO REAL ROOTS

==> 1.435905 4.161124 3.252105
	NO REAL ROOTS

==> 0.750494 3.921473 2.050056
Two real double roots found:
	Roots at: -4.635968 & -4.635968

==> 0.521655 0.590632 4.239765
	NO REAL ROOTS

==> 4.924637 1.482202 4.540543
	NO REAL ROOTS

==> 1.262673 0.792935 0.823460
	NO REAL ROOTS

==> 3.350121 4.135278 0.507228
Two real double roots found:
	Roots at: -1.096255 & -1.096255

==> 1.590954 1.583265 4.655071
	NO REAL ROOTS

==> 1.172206 4.483092 4.876902
	NO REAL ROOTS

==> 0.769614 2.979814 0.829409
Two real double roots found:
	Roots at: -3.569950 & -3.569950

==> 4.883989 2.277208 0.069525
Two real double roots found:
	Roots at: -0.433415 & -0.433415

==> 2.235613 3.713113 4.230649
	NO REAL ROOTS

==> 0.487719 4.463607 3.152121
Two real double roots found:
	Roots at: -8.380843 & -8.380843

==> 2.537775 4.985262 3.742753
	NO REAL ROOTS

==> 1.777539 4.909899 0.224955
Two real double roots found:
	Roots at: -2.715586 & -2.715586

==> 1.318083 1.172572 1.017890
	NO REAL ROOTS

==> 2.141543 4.522693 0.153168
Two real double roots found:
	Roots at: -2.077458 & -2.077458

==> 2.648770 1.113647 1.736433
	NO REAL ROOTS

==> 2.303841 2.285853 1.219525
	NO REAL ROOTS

==> 2.180743 3.055467 4.199339
	NO REAL ROOTS

==> 3.010152 2.939456 1.476547
	NO REAL ROOTS

==> 3.079676 0.175069 0.189660
	NO REAL ROOTS

==> 2.310325 0.662788 4.653267
	NO REAL ROOTS

==> 0.462446 3.200563 4.638529
Two real double roots found:
	Roots at: -4.854905 & -4.854905

==> 4.205200 4.978103 4.548428
	NO REAL ROOTS

==> 4.430155 1.296185 0.721000
	NO REAL ROOTS

==> 0.448045 3.437727 0.243693
Two real double roots found:
	Roots at: -7.601172 & -7.601172

==> 0.601213 1.086498 1.357339
	NO REAL ROOTS

==> 2.337646 3.390339 3.643192
	NO REAL ROOTS

==> 3.557172 0.571082 1.698659
	NO REAL ROOTS

==> 2.756511 3.581234 4.638115
	NO REAL ROOTS

==> 4.233057 1.660910 4.813184
	NO REAL ROOTS

==> 4.422717 3.971235 0.475972
Two real double roots found:
	Roots at: -0.755462 & -0.755462

==> 4.075984 4.433681 3.676535
	NO REAL ROOTS

==> 3.714513 3.638881 3.654638
	NO REAL ROOTS

==> 3.262941 3.069036 4.950823
	NO REAL ROOTS

==> 3.983941 3.517081 3.388550
	NO REAL ROOTS

==> 4.227633 4.118295 4.475048
	NO REAL ROOTS

==> 0.584973 1.455941 2.865387
	NO REAL ROOTS

==> 4.228165 0.013113 3.436469
	NO REAL ROOTS

==> 0.926824 2.769623 2.017703
Two real double roots found:
	Roots at: -1.729664 & -1.729664

==> 0.564940 2.002681 3.678613
	NO REAL ROOTS

==> 0.378124 1.425398 2.649848
	NO REAL ROOTS

==> 0.854097 0.501382 2.083530
	NO REAL ROOTS

==> 4.530632 4.215895 0.722412
Two real double roots found:
	Roots at: -0.704058 & -0.704058

==> 3.185270 2.478836 3.791448
	NO REAL ROOTS

==> 3.136092 1.462777 2.308529
	NO REAL ROOTS

==> 1.524643 0.690410 1.426824
	NO REAL ROOTS

==> 0.999691 1.275383 2.882765
	NO REAL ROOTS

==> 3.865078 0.503547 2.895878
	NO REAL ROOTS

==> 2.301547 1.430372 0.665501
	NO REAL ROOTS

==> 4.319250 1.995311 2.668182
	NO REAL ROOTS

==> 2.997863 2.373436 4.093580
	NO REAL ROOTS

==> 0.647712 3.227532 4.594962
	NO REAL ROOTS

==> 2.731242 2.758164 3.810857
	NO REAL ROOTS

==> 3.453654 0.943434 1.289693
	NO REAL ROOTS

==> 2.245101 4.079527 2.752470
	NO REAL ROOTS

==> 4.553631 0.604170 3.442879
	NO REAL ROOTS

==> 0.980454 1.603860 4.718262
	NO REAL ROOTS

==> 3.863219 0.468938 0.221809
	NO REAL ROOTS

==> 1.759096 2.770485 1.652181
	NO REAL ROOTS

==> 2.424597 2.089736 3.647492
	NO REAL ROOTS

==> 0.092779 0.087599 1.020928
	NO REAL ROOTS

==> 4.186359 0.735311 4.248461
	NO REAL ROOTS

==> 3.781321 3.466553 2.006625
	NO REAL ROOTS

==> 2.592178 1.920207 2.950059
	NO REAL ROOTS

==> 3.881871 4.165308 2.029586
	NO REAL ROOTS

==> 1.634340 3.718939 2.633756
	NO REAL ROOTS

==> 0.077219 4.699393 4.237617
Two real double roots found:
	Roots at: -59.942475 & -59.942475

==> 4.795481 3.562612 4.706555
	NO REAL ROOTS

==> 0.017290 0.321708 2.477040
	NO REAL ROOTS

==> 1.669471 2.746305 4.566775
	NO REAL ROOTS

==> 0.316964 2.839084 4.654375
Two real double roots found:
	Roots at: -6.796586 & -6.796586

==> 1.337892 2.025443 0.389685
Two real double roots found:
	Roots at: -1.287717 & -1.287717

==> 0.586353 0.806764 3.856238
	NO REAL ROOTS

==> 2.592978 3.398942 0.776445
Two real double roots found:
	Roots at: -1.016141 & -1.016141

==> 0.543038 2.280813 4.941753
	NO REAL ROOTS

==> 2.572624 3.915153 3.660692
	NO REAL ROOTS

==> 0.206380 3.992372 3.360085
Two real double roots found:
	Roots at: -18.462939 & -18.462939

==> 4.443996 3.787853 1.922696
	NO REAL ROOTS

==> 4.150551 3.805143 2.244404
	NO REAL ROOTS

==> 1.627591 0.474615 4.990709
	NO REAL ROOTS

==> 1.194367 0.791579 2.829794
	NO REAL ROOTS

==> 0.848741 2.129471 4.855237
	NO REAL ROOTS

==> 1.238426 2.715824 0.662001
Two real double roots found:
	Roots at: -1.913625 & -1.913625

==> 0.094665 0.308803 4.060943
	NO REAL ROOTS

==> 0.871109 0.851841 1.341755
	NO REAL ROOTS

==> 0.812863 3.424465 0.256908
Two real double roots found:
	Roots at: -4.136437 & -4.136437

==> 4.473554 3.630845 4.249280
	NO REAL ROOTS

==> 2.833639 3.074842 3.037133
	NO REAL ROOTS

==> 4.756335 2.225393 1.842276
	NO REAL ROOTS

==> 2.000739 3.852984 2.316891
	NO REAL ROOTS

==> 1.991448 0.047351 3.108470
	NO REAL ROOTS

==> 4.821242 0.896092 0.237941
	NO REAL ROOTS

==> 4.676479 2.134518 2.953765
	NO REAL ROOTS

==> 0.338480 2.229182 3.262568
Two real double roots found:
	Roots at: -4.390432 & -4.390432

==> 4.399423 3.100292 4.114409
	NO REAL ROOTS

==> 0.741178 3.913154 2.538874
Two real double roots found:
	Roots at: -4.522158 & -4.522158

==> 0.998086 3.386708 1.169719
Two real double roots found:
	Roots at: -3.002930 & -3.002930

==> 0.247366 1.220347 4.244561
	NO REAL ROOTS

==> 3.284499 0.976682 1.469954
	NO REAL ROOTS

==> 0.126775 2.977421 0.322938
Two real double roots found:
	Roots at: -23.376902 & -23.376902

==> 2.443666 4.968870 0.370289
Two real double roots found:
	Roots at: -1.955894 & -1.955894

==> 0.552135 4.790112 1.266380
Two real double roots found:
	Roots at: -8.402656 & -8.402656

==> 0.790076 4.466590 3.400898
Two real double roots found:
	Roots at: -4.746481 & -4.746481

==> 3.743842 4.805070 0.630081
Two real double roots found:
	Roots at: -1.135206 & -1.135206

==> 2.006410 4.204494 3.730372
	NO REAL ROOTS

==> 1.120819 4.945672 2.643527
Two real double roots found:
	Roots at: -3.790286 & -3.790286

==> 3.659692 0.943758 1.030236
	NO REAL ROOTS

==> 4.829412 1.191124 2.250583
	NO REAL ROOTS

==> 4.073972 4.475623 3.227265
	NO REAL ROOTS

==> 0.543926 4.602397 1.204687
Two real double roots found:
	Roots at: -8.191047 & -8.191047

==> 0.866864 2.046063 1.173556
Two real double roots found:
	Roots at: -1.377546 & -1.377546

==> 1.237153 2.598198 0.963668
Two real double roots found:
	Roots at: -1.619026 & -1.619026

==> 2.503533 3.388275 0.430258
Two real double roots found:
	Roots at: -1.211545 & -1.211545

==> 0.904431 2.132116 0.235329
Two real double roots found:
	Roots at: -2.241321 & -2.241321

==> 1.534512 4.138526 4.439822
	NO REAL ROOTS

==> 0.264884 0.259344 4.385495
	NO REAL ROOTS

==> 2.908411 3.919037 0.329253
Two real double roots found:
	Roots at: -1.257455 & -1.257455

==> 3.938646 3.748448 1.520377
	NO REAL ROOTS

==> 1.189229 2.822421 0.996000
Two real double roots found:
	Roots at: -1.942070 & -1.942070

==> 4.416495 3.366347 0.598397
Two real double roots found:
	Roots at: -0.479873 & -0.479873

==> 0.621181 4.233211 2.644460
Two real double roots found:
	Roots at: -6.119059 & -6.119059

==> 1.794738 0.470363 0.242659
	NO REAL ROOTS

==> 2.758405 2.973896 3.630933
	NO REAL ROOTS

==> 3.188664 3.878327 0.763049
Two real double roots found:
	Roots at: -0.969442 & -0.969442

==> 3.423993 0.412839 4.901575
	NO REAL ROOTS

==> 2.863815 0.677723 0.160920
	NO REAL ROOTS

==> 2.249310 3.586134 4.079957
	NO REAL ROOTS

==> 2.578562 2.524780 2.828405
	NO REAL ROOTS

==> 4.098939 3.714010 0.650825
Two real double roots found:
	Roots at: -0.668617 & -0.668617

==> 0.094939 3.130504 4.017172
Two real double roots found:
	Roots at: -31.636359 & -31.636359

==> 0.693337 3.751686 3.250383
Two real double roots found:
	Roots at: -4.327828 & -4.327828

==> 3.337797 0.546423 3.720746
	NO REAL ROOTS

==> 3.580456 3.304829 1.694643
	NO REAL ROOTS

==> 2.211389 1.493492 0.572970
	NO REAL ROOTS

==> 2.974439 4.917485 0.985808
Two real double roots found:
	Roots at: -1.419819 & -1.419819

==> 2.876014 2.781300 1.663531
	NO REAL ROOTS

==> 3.036933 0.030610 0.249665
	NO REAL ROOTS

==> 2.116890 2.609172 2.774445
	NO REAL ROOTS

==> 4.945294 1.708112 1.488454
	NO REAL ROOTS

==> 0.596120 1.803051 4.618958
	NO REAL ROOTS

==> 4.613292 2.496388 3.370644
	NO REAL ROOTS

==> 2.863675 0.834185 3.917067
	NO REAL ROOTS

==> 1.584421 4.414641 2.221896
Two real double roots found:
	Roots at: -2.126966 & -2.126966

==> 3.279064 1.626030 3.715388
	NO REAL ROOTS

==> 3.852034 4.600469 3.632873
	NO REAL ROOTS

==> 4.837842 2.476483 1.414173
	NO REAL ROOTS

==> 1.501373 0.513416 1.444783
	NO REAL ROOTS

==> 1.751037 2.630306 4.053955
	NO REAL ROOTS

==> 4.525482 2.575600 0.762067
	NO REAL ROOTS

==> 1.013936 3.171720 2.565118
	NO REAL ROOTS

==> 0.632895 2.785012 0.061506
Two real double roots found:
	Roots at: -4.378236 & -4.378236

==> 4.003539 0.648687 0.895692
	NO REAL ROOTS

==> 2.920606 2.233108 0.310333
Two real double roots found:
	Roots at: -0.582048 & -0.582048

==> 0.142502 0.512172 1.936363
	NO REAL ROOTS

==> 3.857890 4.364205 1.536832
	NO REAL ROOTS

==> 2.490763 4.202047 4.013315
	NO REAL ROOTS

==> 3.904936 0.703420 4.526731
	NO REAL ROOTS

==> 0.349719 2.454458 2.157037
Two real double roots found:
	Roots at: -5.988394 & -5.988394

==> 4.403674 1.979940 4.732637
	NO REAL ROOTS

==> 0.165741 2.993876 2.904358
Two real double roots found:
	Roots at: -17.034901 & -17.034901

==> 2.730859 3.626771 0.689370
Two real double roots found:
	Roots at: -1.098207 & -1.098207

==> 2.792365 2.630310 1.338057
	NO REAL ROOTS

==> 3.688057 0.550916 3.571165
	NO REAL ROOTS

==> 3.998390 0.693418 4.083337
	NO REAL ROOTS

==> 0.934753 4.551308 3.447543
Two real double roots found:
	Roots at: -3.930691 & -3.930691

==> 2.471586 2.042071 2.649590
	NO REAL ROOTS

==> 1.484901 0.947007 3.353010
	NO REAL ROOTS

==> 1.011632 1.296726 0.807468
	NO REAL ROOTS

==> 3.168669 0.700400 2.787407
	NO REAL ROOTS

==> 2.901306 0.866140 0.781283
	NO REAL ROOTS

==> 0.805664 3.597000 4.408054
	NO REAL ROOTS

==> 1.495034 1.389365 2.038364
	NO REAL ROOTS

==> 2.833090 0.077422 2.589280
	NO REAL ROOTS

==> 1.404255 4.075812 3.282697
	NO REAL ROOTS

==> 0.487592 0.010565 2.834005
	NO REAL ROOTS

==> 3.935135 2.482151 4.876076
	NO REAL ROOTS

==> 1.584725 3.967052 0.823083
Two real double roots found:
	Roots at: -2.275005 & -2.275005

==> 4.937736 4.978683 2.119809
	NO REAL ROOTS

==> 0.745203 3.147353 2.820208
Two real double roots found:
	Roots at: -2.933308 & -2.933308

==> 3.532610 1.048659 3.686349
	NO REAL ROOTS

==> 4.313894 1.854323 2.283348
	NO REAL ROOTS

==> 3.721948 3.349357 3.672713
	NO REAL ROOTS

==> 0.760312 1.182448 3.750135
	NO REAL ROOTS

==> 3.349591 2.586703 2.825947
	NO REAL ROOTS

==> 1.632289 3.074296 2.836512
	NO REAL ROOTS

==> 4.466294 2.009430 0.318663
	NO REAL ROOTS

==> 4.342371 3.594156 4.285715
	NO REAL ROOTS

==> 0.165453 3.531891 4.264399
Two real double roots found:
	Roots at: -20.062077 & -20.062077

==> 2.285262 4.277094 2.411752
	NO REAL ROOTS

==> 0.105470 2.809705 3.460411
Two real double roots found:
	Roots at: -25.345355 & -25.345355

==> 3.791819 2.123598 0.314734
	NO REAL ROOTS

==> 1.075167 0.845546 3.664091
	NO REAL ROOTS

==> 4.747880 1.605857 4.846539
	NO REAL ROOTS

==> 3.498016 4.955449 2.433242
	NO REAL ROOTS

==> 1.323963 1.587738 0.507537
	NO REAL ROOTS

==> 4.160475 1.054032 2.516968
	NO REAL ROOTS

==> 4.479138 0.396403 1.111124
	NO REAL ROOTS

==> 3.764853 0.561856 4.643015
	NO REAL ROOTS

==> 3.029252 2.847118 3.920109
	NO REAL ROOTS

==> 0.441004 2.952588 1.729813
Two real double roots found:
	Roots at: -6.046430 & -6.046430

==> 3.901414 1.744407 3.853411
	NO REAL ROOTS

==> 4.216148 2.819574 4.698957
	NO REAL ROOTS

==> 2.880240 2.567454 1.304815
	NO REAL ROOTS

==> 2.726779 1.065470 1.260264
	NO REAL ROOTS

==> 0.160020 2.389433 2.848002
Two real double roots found:
	Roots at: -13.625918 & -13.625918

==> 0.667558 1.549908 3.902034
	NO REAL ROOTS

==> 3.184525 1.029046 4.298437
	NO REAL ROOTS

==> 4.295649 4.793900 4.860293
	NO REAL ROOTS

==> 3.938664 2.823151 2.707411
	NO REAL ROOTS

==> 2.858773 3.264155 0.659999
Two real double roots found:
	Roots at: -0.879220 & -0.879220

==> 4.588586 2.165569 2.404406
	NO REAL ROOTS

==> 3.441998 1.381718 0.223980
	NO REAL ROOTS

==> 3.140955 4.261957 2.791434
	NO REAL ROOTS

==> 4.445769 1.988736 3.856904
	NO REAL ROOTS

==> 0.706033 2.148757 1.246337
Two real double roots found:
	Roots at: -2.263559 & -2.263559

==> 3.554035 2.816314 2.796244
	NO REAL ROOTS

==> 2.456069 1.000840 3.825290
	NO REAL ROOTS

==> 1.754506 0.296489 3.619190
	NO REAL ROOTS

==> 1.614798 4.235153 1.442341
Two real double roots found:
	Roots at: -2.220453 & -2.220453

==> 4.322209 2.093925 4.706496
	NO REAL ROOTS

==> 4.982208 1.682511 1.872066
	NO REAL ROOTS

==> 2.386614 0.124509 3.253783
	NO REAL ROOTS

==> 2.610593 3.265463 2.515740
	NO REAL ROOTS

==> 0.402027 2.711233 4.504477
Two real double roots found:
	Roots at: -3.778964 & -3.778964

==> 4.258931 3.417266 1.653233
	NO REAL ROOTS

==> 0.505268 1.971301 4.469547
	NO REAL ROOTS

==> 3.301512 4.427369 0.470387
Two real double roots found:
	Roots at: -1.224675 & -1.224675

==> 2.126803 1.181875 0.766875
	NO REAL ROOTS

==> 0.745993 2.796674 0.002028
Two real double roots found:
	Roots at: -3.748203 & -3.748203

==> 2.188334 2.118883 2.095953
	NO REAL ROOTS

==> 1.894830 2.101091 3.778465
	NO REAL ROOTS

==> 3.766896 4.487704 3.902974
	NO REAL ROOTS

==> 2.020679 2.098298 2.168437
	NO REAL ROOTS

==> 4.536419 2.500325 4.879670
	NO REAL ROOTS

==> 4.040895 1.759256 3.296936
	NO REAL ROOTS

==> 0.694129 2.264524 0.268236
Two real double roots found:
	Roots at: -3.139300 & -3.139300

==> 0.163676 0.566037 4.695606
	NO REAL ROOTS

==> 0.634062 2.692840 0.877481
Two real double roots found:
	Roots at: -3.891329 & -3.891329

==> 1.400937 3.438832 3.674154
	NO REAL ROOTS

==> 1.402966 0.627166 0.793037
	NO REAL ROOTS

==> 3.498919 2.521996 2.894127
	NO REAL ROOTS

==> 2.277384 1.288892 2.381832
	NO REAL ROOTS

==> 1.180357 3.309571 4.480129
	NO REAL ROOTS

==> 3.348794 2.845990 1.980454
	NO REAL ROOTS

==> 3.228465 1.886886 3.739711
	NO REAL ROOTS

==> 1.525401 2.581015 1.004235
Two real double roots found:
	Roots at: -1.085584 & -1.085584

==> 1.793637 2.744690 1.570272
	NO REAL ROOTS

==> 1.489243 3.378752 4.263111
	NO REAL ROOTS

==> 2.366724 4.779690 2.701943
	NO REAL ROOTS

==> 1.040877 1.182655 3.329109
	NO REAL ROOTS

==> 1.833914 4.681574 0.851106
Two real double roots found:
	Roots at: -2.355775 & -2.355775

==> 4.728041 1.958958 2.139997
	NO REAL ROOTS

==> 2.109873 3.139315 0.449568
Two real double roots found:
	Roots at: -1.327393 & -1.327393

==> 1.590002 1.488110 3.295558
	NO REAL ROOTS

==> 3.570456 4.716575 0.182444
Two real double roots found:
	Roots at: -1.281115 & -1.281115

==> 2.310167 1.241975 2.763459
	NO REAL ROOTS

==> 3.314402 3.035612 0.508149
Two real double roots found:
	Roots at: -0.695421 & -0.695421

==> 4.884674 4.524855 3.886901
	NO REAL ROOTS

==> 4.147785 1.891578 3.666591
	NO REAL ROOTS

==> 1.849728 2.932456 4.849246
	NO REAL ROOTS

==> 0.178837 4.766370 4.530820
Two real double roots found:
	Roots at: -25.664891 & -25.664891

==> 1.029943 4.494411 1.489778
Two real double roots found:
	Roots at: -4.002342 & -4.002342

==> 3.169940 1.604284 4.629093
	NO REAL ROOTS

==> 3.619509 3.194286 1.117203
	NO REAL ROOTS

==> 1.915067 1.764742 0.833777
	NO REAL ROOTS

==> 2.097511 4.074909 2.075752
	NO REAL ROOTS

==> 4.860970 2.389311 0.111364
Two real double roots found:
	Roots at: -0.439390 & -0.439390

==> 0.369119 2.273984 4.636220
	NO REAL ROOTS

==> 4.256020 1.421769 1.527798
	NO REAL ROOTS

==> 2.922611 3.271497 4.460253
	NO REAL ROOTS

==> 2.771857 3.450334 4.226623
	NO REAL ROOTS

==> 2.302677 4.480277 3.721034
	NO REAL ROOTS

==> 3.792455 2.650217 0.325318
Two real double roots found:
	Roots at: -0.539944 & -0.539944

==> 3.421547 1.269726 3.519603
	NO REAL ROOTS

==> 4.538750 3.184793 0.284345
Two real double roots found:
	Roots at: -0.596698 & -0.596698

==> 0.372527 0.282304 4.359254
	NO REAL ROOTS

==> 2.448279 0.143274 1.748564
	NO REAL ROOTS

==> 2.559644 0.512393 4.022549
	NO REAL ROOTS

==> 2.195863 4.768413 0.444318
Two real double roots found:
	Roots at: -2.073981 & -2.073981

==> 3.723661 2.691023 3.715815
	NO REAL ROOTS

==> 3.183914 0.462880 2.166149
	NO REAL ROOTS

==> 2.410537 2.765557 1.646426
	NO REAL ROOTS

==> 1.131571 1.558012 4.296643
	NO REAL ROOTS

==> 1.456889 4.979559 0.566369
Two real double roots found:
	Roots at: -3.300141 & -3.300141

==> 4.976492 4.518310 3.751161
	NO REAL ROOTS

==> 0.260837 4.890837 4.033465
Two real double roots found:
	Roots at: -17.885989 & -17.885989

==> 4.620091 2.339116 4.176739
	NO REAL ROOTS

==> 1.368656 4.898760 4.689132
	NO REAL ROOTS

==> 0.391204 2.094623 4.457545
	NO REAL ROOTS

==> 0.835522 0.818284 2.148568
	NO REAL ROOTS

==> 4.551337 4.002198 2.611448
	NO REAL ROOTS

==> 1.717486 1.412735 0.377005
	NO REAL ROOTS

==> 3.363911 2.544306 1.935017
	NO REAL ROOTS

==> 2.660554 4.001195 1.914577
	NO REAL ROOTS

==> 3.226923 3.977687 1.432886
	NO REAL ROOTS

==> 1.978084 4.238524 1.323723
Two real double roots found:
	Roots at: -1.763210 & -1.763210

==> 1.011550 3.858615 3.662839
Two real double roots found:
	Roots at: -2.036487 & -2.036487

==> 0.188289 0.227270 3.561599
	NO REAL ROOTS

==> 4.877421 0.618475 0.656222
	NO REAL ROOTS

==> 4.334965 1.453997 1.474506
	NO REAL ROOTS

==> 1.483534 1.005334 0.476704
	NO REAL ROOTS

==> 4.094982 2.722819 1.889439
	NO REAL ROOTS

==> 4.471987 1.086731 4.433745
	NO REAL ROOTS

==> 1.407004 3.747285 3.434940
	NO REAL ROOTS

==> 3.321581 1.974208 2.412627
	NO REAL ROOTS

==> 4.754467 3.952292 1.651151
	NO REAL ROOTS

==> 1.078190 4.963842 0.509766
Two real double roots found:
	Roots at: -4.498771 & -4.498771

==> 4.741030 0.152131 0.737036
	NO REAL ROOTS

==> 3.302629 0.029552 1.355511
	NO REAL ROOTS

==> 3.958851 4.364517 2.809508
	NO REAL ROOTS

==> 0.433357 0.848051 3.814842
	NO REAL ROOTS

==> 0.910061 4.943032 1.537661
Two real double roots found:
	Roots at: -5.100257 & -5.100257

==> 2.799500 4.415020 2.624392
	NO REAL ROOTS

==> 2.233246 0.822024 1.371677
	NO REAL ROOTS

==> 0.668186 4.143605 3.345885
Two real double roots found:
	Roots at: -5.246922 & -5.246922

==> 3.080813 3.898072 2.298177
	NO REAL ROOTS

==> 4.731964 4.976263 2.262019
	NO REAL ROOTS

==> 0.241730 4.717293 2.414150
Two real double roots found:
	Roots at: -18.988777 & -18.988777

==> 0.978766 3.019922 2.443702
	NO REAL ROOTS

==> 2.334277 1.978772 1.808219
	NO REAL ROOTS

==> 0.143785 2.412129 2.656269
Two real double roots found:
	Roots at: -15.591038 & -15.591038

==> 3.958627 3.322190 2.599302
	NO REAL ROOTS

==> 0.496288 1.121691 2.014321
	NO REAL ROOTS

==> 3.120680 3.354937 2.836345
	NO REAL ROOTS

==> 4.492356 4.023123 1.979950
	NO REAL ROOTS

==> 2.838242 2.103936 0.878023
	NO REAL ROOTS

==> 0.136419 1.835901 0.854286
Two real double roots found:
	Roots at: -12.975180 & -12.975180

==> 2.398438 2.077631 0.571579
	NO REAL ROOTS

==> 4.812588 3.056396 3.591500
	NO REAL ROOTS

==> 2.256290 0.390674 0.570272
	NO REAL ROOTS

==> 4.064508 0.534459 2.982402
	NO REAL ROOTS

==> 1.720778 4.493085 1.304592
Two real double roots found:
	Roots at: -2.278314 & -2.278314

==> 4.320079 4.989373 2.426283
	NO REAL ROOTS

==> 1.334401 3.110053 0.781219
Two real double roots found:
	Roots at: -2.044293 & -2.044293

==> 4.170746 2.602409 4.804342
	NO REAL ROOTS

==> 1.150696 0.440651 1.908278
	NO REAL ROOTS

==> 2.028719 0.577070 3.744179
	NO REAL ROOTS

==> 2.883005 2.975508 0.821810
	NO REAL ROOTS

==> 3.454584 2.788095 3.878206
	NO REAL ROOTS

==> 2.046084 0.044385 4.268880
	NO REAL ROOTS

==> 2.616356 4.108893 4.803339
	NO REAL ROOTS

==> 0.598758 0.829671 4.296424
	NO REAL ROOTS

==> 1.903350 0.149751 4.285797
	NO REAL ROOTS

==> 4.329633 1.484151 2.395849
	NO REAL ROOTS

==> 0.110852 0.654897 4.998259
	NO REAL ROOTS

==> 4.915195 1.805593 0.438909
	NO REAL ROOTS

==> 1.823473 3.834312 1.015979
Two real double roots found:
	Roots at: -1.791798 & -1.791798

==> 0.567652 1.717318 3.991487
	NO REAL ROOTS

==> 1.389462 0.171902 1.779582
	NO REAL ROOTS

==> 0.267668 2.217986 1.823967
Two real double roots found:
	Roots at: -7.360547 & -7.360547

==> 4.536548 4.834342 0.932861
Two real double roots found:
	Roots at: -0.812583 & -0.812583

==> 4.339886 0.433100 1.762532
	NO REAL ROOTS

==> 3.636310 2.336450 1.912283
	NO REAL ROOTS

==> 2.922107 1.666083 3.396435
	NO REAL ROOTS

==> 0.317956 1.776935 4.051332
	NO REAL ROOTS

==> 0.316215 1.692130 0.856925
Two real double roots found:
	Roots at: -4.784840 & -4.784840

==> 0.755124 3.515603 4.691237
	NO REAL ROOTS

==> 1.771103 4.083255 1.408555
Two real double roots found:
	Roots at: -1.883167 & -1.883167

==> 0.762589 0.472717 1.580456
	NO REAL ROOTS

==> 2.542171 0.740385 3.798442
	NO REAL ROOTS

==> 4.366138 0.276933 3.632784
	NO REAL ROOTS

==> 0.298999 4.616819 4.065884
Two real double roots found:
	Roots at: -14.503316 & -14.503316

==> 2.061531 3.253129 1.402334
	NO REAL ROOTS

==> 3.973814 1.175236 3.068417
	NO REAL ROOTS

==> 2.370249 1.493193 4.845353
	NO REAL ROOTS

==> 1.421580 1.809407 1.537483
	NO REAL ROOTS

==> 2.278505 2.564531 0.053086
Two real double roots found:
	Roots at: -1.104437 & -1.104437

==> 1.969742 4.335634 4.136341
	NO REAL ROOTS

==> 3.378297 0.098223 4.609058
	NO REAL ROOTS

==> 4.958754 2.640394 0.349443
Two real double roots found:
	Roots at: -0.286521 & -0.286521

==> 3.757195 2.006532 0.626376
	NO REAL ROOTS

==> 2.389979 2.305531 0.243195
Two real double roots found:
	Roots at: -0.844119 & -0.844119

==> 1.455863 4.367062 3.496324
	NO REAL ROOTS

==> 2.858197 3.340876 4.671560
	NO REAL ROOTS

==> 0.926615 0.711125 1.164753
	NO REAL ROOTS

==> 0.771967 2.132705 2.974160
	NO REAL ROOTS

==> 2.309449 4.411210 0.538692
Two real double roots found:
	Roots at: -1.778951 & -1.778951

==> 2.362535 1.380952 4.874325
	NO REAL ROOTS

==> 1.498876 4.759249 4.972548
	NO REAL ROOTS

==> 1.107934 4.718003 2.612942
Two real double roots found:
	Roots at: -3.603997 & -3.603997

==> 1.457376 3.475199 4.619473
	NO REAL ROOTS

==> 2.083752 0.865178 1.925004
	NO REAL ROOTS

==> 2.326947 2.321041 1.292066
	NO REAL ROOTS

==> 0.823271 0.179238 4.632942
	NO REAL ROOTS

==> 0.494832 1.105853 0.344068
Two real double roots found:
	Roots at: -1.861220 & -1.861220

==> 1.659585 1.877820 2.476773
	NO REAL ROOTS

==> 4.633745 4.187270 1.887983
	NO REAL ROOTS

==> 0.172437 1.549805 3.268935
Two real double roots found:
	Roots at: -5.606141 & -5.606141

==> 0.046762 3.048681 3.028185
Two real double roots found:
	Roots at: -64.186803 & -64.186803

==> 0.019310 4.156614 2.746188
Two real double roots found:
	Roots at: -214.594347 & -214.594347

==> 2.632251 0.613991 1.221386
	NO REAL ROOTS

==> 2.251725 2.697743 2.086564
	NO REAL ROOTS

==> 4.176728 0.024690 4.407605
	NO REAL ROOTS

==> 0.468795 0.847961 4.586843
	NO REAL ROOTS

==> 0.101737 1.342792 0.692696
Two real double roots found:
	Roots at: -12.660886 & -12.660886

==> 0.445805 3.002377 2.570517
Two real double roots found:
	Roots at: -5.728116 & -5.728116

==> 2.922578 2.636122 1.757786
	NO REAL ROOTS

==> 4.810561 2.808559 3.307590
	NO REAL ROOTS

==> 3.079496 2.855321 1.356271
	NO REAL ROOTS

==> 1.107681 2.874631 0.512885
Two real double roots found:
	Roots at: -2.402449 & -2.402449

==> 3.853869 0.506883 1.126876
	NO REAL ROOTS

==> 0.075255 2.758607 3.824619
Two real double roots found:
	Roots at: -35.213537 & -35.213537

==> 2.161819 1.935336 3.849309
	NO REAL ROOTS

==> 1.569424 2.404130 4.697269
	NO REAL ROOTS

==> 1.156267 2.505867 1.040062
Two real double roots found:
	Roots at: -1.607715 & -1.607715

==> 1.848963 2.951672 4.042439
	NO REAL ROOTS

==> 4.419480 0.874250 1.678561
	NO REAL ROOTS

==> 1.177266 0.684811 4.487121
	NO REAL ROOTS

==> 4.484857 3.764307 2.342442
	NO REAL ROOTS

==> 0.841127 4.871989 0.217073
Two real double roots found:
	Roots at: -5.747312 & -5.747312

==> 1.354013 3.725858 0.723956
Two real double roots found:
	Roots at: -2.541323 & -2.541323

==> 2.480889 3.801113 3.482563
	NO REAL ROOTS

==> 1.305508 0.962932 0.417899
	NO REAL ROOTS

==> 0.154817 2.532356 2.822029
Two real double roots found:
	Roots at: -15.154251 & -15.154251

==> 4.852087 3.688622 0.327896
Two real double roots found:
	Roots at: -0.657420 & -0.657420

==> 0.892149 0.537586 3.279569
	NO REAL ROOTS

==> 4.934588 4.957066 4.153819
	NO REAL ROOTS

==> 1.613149 1.134332 4.838630
	NO REAL ROOTS

==> 1.100270 0.619188 3.602937
	NO REAL ROOTS

==> 3.442712 1.460315 3.474926
	NO REAL ROOTS

==> 3.659785 2.814328 2.200783
	NO REAL ROOTS

==> 4.383740 0.295217 1.001896
	NO REAL ROOTS

==> 2.866303 1.600726 1.964828
	NO REAL ROOTS

==> 3.284202 1.755543 4.497183
	NO REAL ROOTS

==> 1.106231 1.607630 3.185805
	NO REAL ROOTS

==> 1.434127 2.499779 3.723392
	NO REAL ROOTS

==> 4.713696 2.434366 3.680458
	NO REAL ROOTS

==> 3.867514 4.047515 4.814789
	NO REAL ROOTS

==> 3.706144 0.147785 0.433977
	NO REAL ROOTS

==> 2.309081 3.590497 1.894293
	NO REAL ROOTS

==> 0.784007 2.250282 4.708621
	NO REAL ROOTS

==> 2.984790 1.634022 0.003838
Two real double roots found:
	Roots at: -0.545091 & -0.545091

==> 3.986686 4.500325 1.604564
	NO REAL ROOTS

==> 0.951513 2.784527 3.360107
	NO REAL ROOTS

==> 0.448696 3.890758 4.967737
Two real double roots found:
	Roots at: -7.115228 & -7.115228

==> 3.634501 0.324885 2.467515
	NO REAL ROOTS

==> 2.357893 0.038580 4.901882
	NO REAL ROOTS

==> 1.038351 3.906095 3.949397
	NO REAL ROOTS

==> 0.853140 2.612239 4.097182
	NO REAL ROOTS

==> 1.287117 4.921320 2.687680
Two real double roots found:
	Roots at: -3.163436 & -3.163436

==> 3.181410 0.705327 4.937961
	NO REAL ROOTS

==> 2.890031 3.690116 1.571983
	NO REAL ROOTS

==> 2.893870 2.676802 1.072308
	NO REAL ROOTS

==> 4.498434 3.628315 3.856835
	NO REAL ROOTS

==> 2.858541 4.077011 2.747593
	NO REAL ROOTS

==> 2.826278 2.711513 3.072478
	NO REAL ROOTS


